2023-03-16 17:38:19,280 CRITICAL client_log_config.py Критическое событие
2023-03-16 17:38:19,280 ERROR client_log_config.py Ошибка
2023-03-16 17:38:19,280 INFO client_log_config.py Инфо
2023-03-16 17:38:19,280 DEBUG client_log_config.py Отладка
2023-03-16 17:38:30,586 CRITICAL client_log_config.py Критическое событие
2023-03-16 17:38:30,587 ERROR client_log_config.py Ошибка
2023-03-16 17:38:37,968 CRITICAL client_log_config.py Критическое событие
2023-03-16 17:38:37,968 ERROR client_log_config.py Ошибка
2023-03-16 17:38:37,968 INFO client_log_config.py Инфо
2023-03-16 17:38:37,968 DEBUG client_log_config.py Отладка
2023-03-16 17:38:48,791 CRITICAL client_log_config.py Критическое событие
2023-03-16 17:38:48,791 ERROR client_log_config.py Ошибка
2023-03-16 17:38:48,791 INFO client_log_config.py Инфо
2023-03-16 17:38:48,791 DEBUG client_log_config.py Отладка
2023-03-16 17:39:01,359 CRITICAL client_log_config.py Критическое событие
2023-03-16 17:39:01,359 ERROR client_log_config.py Ошибка
2023-03-16 17:39:01,360 INFO client_log_config.py Инфо
2023-03-16 17:39:01,360 DEBUG client_log_config.py Отладка
2023-03-16 17:40:44,249 CRITICAL client_log_config.py Критическое событие
2023-03-16 17:40:44,249 ERROR client_log_config.py Ошибка
2023-03-16 17:40:44,249 INFO client_log_config.py Инфо
2023-03-16 17:40:44,249 DEBUG client_log_config.py Отладка
2023-03-16 17:41:11,919 CRITICAL client_log_config.py Критическое событие
2023-03-16 17:41:11,920 ERROR client_log_config.py Ошибка
2023-03-16 17:41:11,920 INFO client_log_config.py Инфо
2023-03-16 17:41:11,920 DEBUG client_log_config.py Отладка
2023-03-16 17:43:57,069 CRITICAL client_log_config.py Критическое событие
2023-03-16 17:43:57,069 ERROR client_log_config.py Ошибка
2023-03-16 17:43:57,069 INFO client_log_config.py Инфо
2023-03-16 17:43:57,069 DEBUG client_log_config.py Отладка
2023-03-16 17:49:23,946 CRITICAL client_log_config.py Критическое событие
2023-03-16 17:49:23,946 ERROR client_log_config.py Ошибка
2023-03-16 17:49:23,946 INFO client_log_config.py Инфо
2023-03-16 17:49:23,946 DEBUG client_log_config.py Отладка
2023-03-16 17:50:23,516 CRITICAL client_log_config.py Критическое событие
2023-03-16 17:50:23,517 ERROR client_log_config.py Ошибка
2023-03-16 17:50:23,517 INFO client_log_config.py Инфо
2023-03-16 17:50:23,517 DEBUG client_log_config.py Отладка
2023-03-16 18:38:54,657 DEBUG client.py Создано presence сообщение для Guest
2023-03-16 18:38:54,667 DEBUG client.py Анализ сообщения от сервера: {'response': 200}
2023-03-16 18:38:54,667 INFO client.py Ответ от сервера получен 200 : OK
2023-03-16 18:57:40,378 DEBUG client.py Создано presence сообщение для Guest
2023-03-16 18:57:40,384 DEBUG client.py Анализ сообщения от сервера: {'response': 200}
2023-03-16 18:57:40,384 INFO client.py Ответ от сервера получен 200 : OK
2023-03-16 18:58:20,938 DEBUG client.py Создано presence сообщение для Guest
2023-03-16 18:58:20,945 DEBUG client.py Анализ сообщения от сервера: {'response': 200}
2023-03-16 18:58:20,945 INFO client.py Ответ от сервера получен 200 : OK
2023-03-20 17:24:37,205 DEBUG client.py Создано presence сообщение для Guest
2023-03-20 17:24:37,210 DEBUG wrap.py Функция create_presence вызвана из функции main
2023-03-20 17:24:37,214 DEBUG client.py Анализ сообщения от сервера: {'response': 200}
2023-03-20 17:24:37,214 DEBUG wrap.py Функция process_ans вызвана из функции main
2023-03-20 17:24:37,214 INFO client.py Ответ от сервера получен 200 : OK
2023-03-20 17:41:35,995 DEBUG client.py Создано presence сообщение для Guest
2023-03-20 17:41:35,996 DEBUG wrap.py Функция create_presence вызвана из функции main
2023-03-20 17:41:36,005 DEBUG client.py Анализ сообщения от сервера: {'response': 200}
2023-03-20 17:41:36,006 DEBUG wrap.py Функция process_ans вызвана из функции main
2023-03-20 17:41:36,006 INFO client.py Ответ от сервера получен 200 : OK
2023-03-20 17:43:04,756 DEBUG client.py Создано presence сообщение для Guest
2023-03-20 17:43:04,757 DEBUG wrap.py Функция create_presence вызвана из функции main
2023-03-20 17:43:04,762 DEBUG client.py Анализ сообщения от сервера: {'response': 200}
2023-03-20 17:43:04,762 DEBUG wrap.py Функция process_ans вызвана из функции main
2023-03-20 17:43:04,762 INFO client.py Ответ от сервера получен 200 : OK
2023-03-20 17:43:49,481 DEBUG client.py Создано presence сообщение для Guest
2023-03-20 17:43:49,481 DEBUG wrap.py Функция create_presence вызвана из функции main
2023-03-20 17:43:49,488 DEBUG client.py Анализ сообщения от сервера: {'response': 200}
2023-03-20 17:43:49,488 DEBUG wrap.py Функция process_ans вызвана из функции main
2023-03-20 17:43:49,488 INFO client.py Ответ от сервера получен 200 : OK
2023-03-22 16:14:28,995 INFO client.py Клиент запущен. Адрес сервера:127.0.0.1, порт:7777, режим работы: send
2023-03-22 16:14:28,996 INFO client.py Клиент запущен. Адрес: 127.0.0.1, порт: 7777
2023-03-22 16:14:28,996 DEBUG client.py Создано presence сообщение для Guest
2023-03-22 16:14:28,996 DEBUG wrap.py Функция create_presence вызвана из функции main
2023-03-22 16:14:29,504 DEBUG client.py Анализ сообщения от сервера: {'response': 200}
2023-03-22 16:14:29,505 DEBUG wrap.py Функция process_ans вызвана из функции main
2023-03-22 16:14:29,505 INFO client.py Ответ от сервера получен 200 : OK
2023-03-22 16:15:44,648 INFO client.py Клиент запущен. Адрес сервера:127.0.0.1, порт:7777, режим работы: listen
2023-03-22 16:15:44,649 INFO client.py Клиент запущен. Адрес: 127.0.0.1, порт: 7777
2023-03-22 16:15:44,649 DEBUG client.py Создано presence сообщение для Guest
2023-03-22 16:15:44,649 DEBUG wrap.py Функция create_presence вызвана из функции main
2023-03-22 16:15:45,156 DEBUG client.py Анализ сообщения от сервера: {'response': 200}
2023-03-22 16:15:45,156 DEBUG wrap.py Функция process_ans вызвана из функции main
2023-03-22 16:15:45,156 INFO client.py Ответ от сервера получен 200 : OK
2023-03-22 16:15:59,791 DEBUG client.py Сформирован словарь сообщения: {'action': 'message', 'time': 1679490959.7917736, 'account_name': 'Guest', 'mess_text': 'Всем привет!'}
2023-03-22 16:15:59,792 DEBUG wrap.py Функция create_message вызвана из функции main
2023-03-22 16:16:00,189 INFO client.py Сообшение от Guest: Guest
2023-03-22 16:16:00,189 DEBUG wrap.py Функция message_from_server вызвана из функции main
2023-03-22 16:17:31,819 INFO client.py Завершение работы по команде пользователя.
2023-03-22 16:17:47,953 INFO client.py Клиент запущен. Адрес сервера:127.0.0.1, порт:7777, режим работы: send
2023-03-22 16:17:47,953 INFO client.py Клиент запущен. Адрес: 127.0.0.1, порт: 7777
2023-03-22 16:19:52,706 INFO client.py Клиент запущен. Адрес сервера:127.0.0.1, порт:7777, режим работы: send
2023-03-22 16:19:52,706 INFO client.py Клиент запущен. Адрес: 127.0.0.1, порт: 7777
2023-03-22 16:19:52,706 DEBUG client.py Создано presence сообщение для Guest
2023-03-22 16:19:52,706 DEBUG wrap.py Функция create_presence вызвана из функции main
2023-03-22 16:19:53,214 DEBUG client.py Анализ сообщения от сервера: {'response': 200}
2023-03-22 16:19:53,215 DEBUG wrap.py Функция process_ans вызвана из функции main
2023-03-22 16:19:53,215 INFO client.py Ответ от сервера получен 200 : OK
2023-03-22 16:19:58,784 INFO client.py Клиент запущен. Адрес сервера:127.0.0.1, порт:7777, режим работы: listen
2023-03-22 16:19:58,784 INFO client.py Клиент запущен. Адрес: 127.0.0.1, порт: 7777
2023-03-22 16:19:58,784 DEBUG client.py Создано presence сообщение для Guest
2023-03-22 16:19:58,784 DEBUG wrap.py Функция create_presence вызвана из функции main
2023-03-22 16:19:59,292 DEBUG client.py Анализ сообщения от сервера: {'response': 200}
2023-03-22 16:19:59,293 DEBUG wrap.py Функция process_ans вызвана из функции main
2023-03-22 16:19:59,293 INFO client.py Ответ от сервера получен 200 : OK
2023-03-22 16:20:05,960 DEBUG client.py Сформирован словарь сообщения: {'action': 'message', 'time': 1679491205.9607527, 'account_name': 'Guest', 'mess_text': 'рас рас'}
2023-03-22 16:20:05,961 DEBUG wrap.py Функция create_message вызвана из функции main
2023-03-22 16:20:06,310 INFO client.py Сообшение от Guest: рас рас
2023-03-22 16:20:06,310 DEBUG wrap.py Функция message_from_server вызвана из функции main
2023-03-22 16:20:36,224 DEBUG client.py Сформирован словарь сообщения: {'action': 'message', 'time': 1679491236.224381, 'account_name': 'Guest', 'mess_text': 'учexit'}
2023-03-22 16:20:36,224 DEBUG wrap.py Функция create_message вызвана из функции main
2023-03-22 16:20:45,806 INFO client.py Завершение работы по команде пользователя.
2023-03-27 17:15:47,240 INFO client.py Клиент запущен. Адрес сервера:127.0.0.1, порт:7777, пользователь oleg
2023-03-27 17:15:47,245 INFO client.py Клиент запущен. Адрес: 127.0.0.1, порт: 7777
2023-03-27 17:15:47,245 DEBUG client.py Создано presence сообщение для Guest
2023-03-27 17:15:47,245 DEBUG wrap.py Функция create_presence вызвана из функции main
2023-03-27 17:15:47,754 DEBUG client.py Анализ сообщения от сервера: {'response': 200}
2023-03-27 17:15:47,754 DEBUG wrap.py Функция process_ans вызвана из функции main
2023-03-27 17:15:47,754 INFO client.py Ответ от сервера получен 200 : OK
2023-03-27 17:15:47,754 DEBUG client.py Процессы запущены
2023-03-27 17:16:10,536 INFO client.py Клиент запущен. Адрес сервера:127.0.0.1, порт:7777, пользователь alina
2023-03-27 17:16:10,536 INFO client.py Клиент запущен. Адрес: 127.0.0.1, порт: 7777
2023-03-27 17:16:10,537 DEBUG client.py Создано presence сообщение для Guest
2023-03-27 17:16:10,537 DEBUG wrap.py Функция create_presence вызвана из функции main
2023-03-27 17:16:11,046 DEBUG client.py Анализ сообщения от сервера: {'response': 400, 'error': 'Это имя уже занято'}
2023-03-27 17:16:11,046 DEBUG wrap.py Функция process_ans вызвана из функции main
2023-03-27 17:16:11,046 INFO client.py Ответ от сервера получен 400 : Это имя уже занято
2023-03-27 17:16:11,047 DEBUG client.py Процессы запущены
2023-03-27 17:16:11,051 CRITICAL client.py Потеряно соединение с сервером.
2023-03-27 17:16:11,051 DEBUG wrap.py Функция message_from_server вызвана из функции run
2023-03-27 17:16:42,405 INFO client.py Клиент запущен. Адрес сервера:127.0.0.1, порт:7777, пользователь alina
2023-03-27 17:16:42,405 INFO client.py Клиент запущен. Адрес: 127.0.0.1, порт: 7777
2023-03-27 17:16:42,405 DEBUG client.py Создано presence сообщение для Guest
2023-03-27 17:16:42,406 DEBUG wrap.py Функция create_presence вызвана из функции main
2023-03-27 17:16:42,917 DEBUG client.py Анализ сообщения от сервера: {'response': 400, 'error': 'Это имя уже занято'}
2023-03-27 17:16:42,917 DEBUG wrap.py Функция process_ans вызвана из функции main
2023-03-27 17:16:42,917 INFO client.py Ответ от сервера получен 400 : Это имя уже занято
2023-03-27 17:16:42,922 CRITICAL client.py Потеряно соединение с сервером.
2023-03-27 17:16:42,923 DEBUG wrap.py Функция message_from_server вызвана из функции run
2023-03-27 17:16:42,923 DEBUG client.py Процессы запущены
2023-03-27 17:17:04,923 DEBUG client.py Сформирован словарь сообщения: {'action': 'message', 'time': 1679926624.9233897, 'account_name': 'oleg', 'mess_text': 'hello', 'to': 'alina'}
2023-03-27 17:17:04,928 INFO client.py Отпрвлено сообщение для alina
2023-03-27 17:17:04,928 DEBUG wrap.py Функция create_message вызвана из функции user_interactive
2023-03-27 17:17:04,952 ERROR client.py Получено некорректное сообщение от сервера:{'response': 400, 'error': 'Запрос некорректен.'}
2023-03-27 17:17:13,452 INFO client.py Клиент запущен. Адрес сервера:127.0.0.1, порт:7777, пользователь alina
2023-03-27 17:17:13,452 INFO client.py Клиент запущен. Адрес: 127.0.0.1, порт: 7777
2023-03-27 17:17:13,453 DEBUG client.py Создано presence сообщение для Guest
2023-03-27 17:17:13,453 DEBUG wrap.py Функция create_presence вызвана из функции main
2023-03-27 17:17:13,960 DEBUG client.py Анализ сообщения от сервера: {'response': 400, 'error': 'Это имя уже занято'}
2023-03-27 17:17:13,961 DEBUG wrap.py Функция process_ans вызвана из функции main
2023-03-27 17:17:13,961 INFO client.py Ответ от сервера получен 400 : Это имя уже занято
2023-03-27 17:17:13,965 CRITICAL client.py Потеряно соединение с сервером.
2023-03-27 17:17:13,965 DEBUG client.py Процессы запущены
2023-03-27 17:17:13,966 DEBUG wrap.py Функция message_from_server вызвана из функции run
2023-03-27 17:17:30,481 INFO client.py Клиент запущен. Адрес сервера:127.0.0.1, порт:7777, пользователь alina
2023-03-27 17:17:30,482 INFO client.py Клиент запущен. Адрес: 127.0.0.1, порт: 7777
2023-03-27 17:17:30,482 DEBUG client.py Создано presence сообщение для Guest
2023-03-27 17:17:30,482 DEBUG wrap.py Функция create_presence вызвана из функции main
2023-03-27 17:17:30,991 DEBUG client.py Анализ сообщения от сервера: {'response': 400, 'error': 'Это имя уже занято'}
2023-03-27 17:17:30,991 DEBUG wrap.py Функция process_ans вызвана из функции main
2023-03-27 17:17:30,991 INFO client.py Ответ от сервера получен 400 : Это имя уже занято
2023-03-27 17:17:30,991 DEBUG client.py Процессы запущены
2023-03-27 17:17:30,993 CRITICAL client.py Потеряно соединение с сервером.
2023-03-27 17:17:30,993 DEBUG wrap.py Функция message_from_server вызвана из функции run
2023-03-27 17:17:37,016 DEBUG client.py Создано presence сообщение для Guest
2023-03-27 17:17:37,016 DEBUG wrap.py Функция create_presence вызвана из функции main
2023-03-27 17:17:37,026 DEBUG client.py Анализ сообщения от сервера: {'response': 400, 'error': 'Это имя уже занято'}
2023-03-27 17:17:37,026 DEBUG wrap.py Функция process_ans вызвана из функции main
2023-03-27 17:17:37,026 INFO client.py Ответ от сервера получен 400 : Это имя уже занято
2023-03-27 17:17:50,859 INFO client.py Клиент запущен. Адрес сервера:127.0.0.1, порт:7777, пользователь listen
2023-03-27 17:17:50,860 INFO client.py Клиент запущен. Адрес: 127.0.0.1, порт: 7777
2023-03-27 17:17:50,860 DEBUG client.py Создано presence сообщение для Guest
2023-03-27 17:17:50,860 DEBUG wrap.py Функция create_presence вызвана из функции main
2023-03-27 17:17:51,366 DEBUG client.py Анализ сообщения от сервера: {'response': 400, 'error': 'Это имя уже занято'}
2023-03-27 17:17:51,367 DEBUG wrap.py Функция process_ans вызвана из функции main
2023-03-27 17:17:51,367 INFO client.py Ответ от сервера получен 400 : Это имя уже занято
2023-03-27 17:17:51,367 DEBUG client.py Процессы запущены
2023-03-27 17:17:51,371 CRITICAL client.py Потеряно соединение с сервером.
2023-03-27 17:17:51,371 DEBUG wrap.py Функция message_from_server вызвана из функции run
2023-03-27 17:22:54,008 DEBUG client.py Создано presence сообщение для Guest
2023-03-27 17:22:54,009 DEBUG wrap.py Функция create_presence вызвана из функции main
2023-03-27 17:22:54,516 DEBUG client.py Анализ сообщения от сервера: {'response': 400, 'error': 'Это имя уже занято'}
2023-03-27 17:22:54,516 DEBUG wrap.py Функция process_ans вызвана из функции main
2023-03-27 17:22:54,516 INFO client.py Ответ от сервера получен 400 : Это имя уже занято
2023-03-27 17:24:32,688 DEBUG client.py Создано presence сообщение для Guest
2023-03-27 17:24:32,688 DEBUG wrap.py Функция create_presence вызвана из функции main
2023-03-27 17:24:33,198 DEBUG client.py Анализ сообщения от сервера: {'response': 400, 'error': 'Это имя уже занято'}
2023-03-27 17:24:33,198 DEBUG wrap.py Функция process_ans вызвана из функции main
2023-03-27 17:24:33,198 INFO client.py Ответ от сервера получен 400 : Это имя уже занято
2023-03-27 17:26:50,122 DEBUG client.py Создано presence сообщение для Guest
2023-03-27 17:26:50,122 DEBUG wrap.py Функция create_presence вызвана из функции main
2023-03-27 17:26:50,630 DEBUG client.py Анализ сообщения от сервера: {'response': 400, 'error': 'Это имя уже занято'}
2023-03-27 17:26:50,630 DEBUG wrap.py Функция process_ans вызвана из функции main
2023-03-27 17:26:50,630 INFO client.py Ответ от сервера получен 400 : Это имя уже занято
2023-03-27 17:29:13,344 INFO client.py Клиент запущен. Адрес сервера:127.0.0.1, порт:7777, пользователь oleg
2023-03-27 17:29:13,344 INFO client.py Клиент запущен. Адрес: 127.0.0.1, порт: 7777
2023-03-27 17:29:13,345 DEBUG client.py Создано presence сообщение для Guest
2023-03-27 17:29:13,345 DEBUG wrap.py Функция create_presence вызвана из функции main
2023-03-27 17:29:13,851 DEBUG client.py Анализ сообщения от сервера: {'response': 200}
2023-03-27 17:29:13,851 DEBUG wrap.py Функция process_ans вызвана из функции main
2023-03-27 17:29:13,851 INFO client.py Ответ от сервера получен 200 : OK
2023-03-27 17:29:13,855 DEBUG client.py Процессы запущены
2023-03-27 17:29:28,281 INFO client.py Клиент запущен. Адрес сервера:127.0.0.1, порт:7777, пользователь alina
2023-03-27 17:29:28,281 INFO client.py Клиент запущен. Адрес: 127.0.0.1, порт: 7777
2023-03-27 17:29:28,281 DEBUG client.py Создано presence сообщение для Guest
2023-03-27 17:29:28,282 DEBUG wrap.py Функция create_presence вызвана из функции main
2023-03-27 17:29:28,791 DEBUG client.py Анализ сообщения от сервера: {'response': 400, 'error': 'Это имя уже занято'}
2023-03-27 17:29:28,792 DEBUG wrap.py Функция process_ans вызвана из функции main
2023-03-27 17:29:28,792 INFO client.py Ответ от сервера получен 400 : Это имя уже занято
2023-03-27 17:29:28,793 DEBUG client.py Процессы запущены
2023-03-27 17:29:28,798 CRITICAL client.py Потеряно соединение с сервером.
2023-03-27 17:29:28,798 DEBUG wrap.py Функция message_from_server вызвана из функции run
2023-03-27 17:33:40,592 INFO client.py Клиент запущен. Адрес сервера:127.0.0.1, порт:7777, пользователь 7777
2023-03-27 17:33:40,592 INFO client.py Клиент запущен. Адрес: 127.0.0.1, порт: 7777
2023-03-27 17:33:40,593 DEBUG client.py Создано presence сообщение для Guest
2023-03-27 17:33:40,593 DEBUG wrap.py Функция create_presence вызвана из функции main
2023-03-27 17:33:41,103 DEBUG client.py Анализ сообщения от сервера: {'response': 400, 'error': 'Это имя уже занято'}
2023-03-27 17:33:41,104 DEBUG wrap.py Функция process_ans вызвана из функции main
2023-03-27 17:33:41,104 INFO client.py Ответ от сервера получен 400 : Это имя уже занято
2023-03-27 17:33:41,105 DEBUG client.py Процессы запущены
2023-03-27 17:33:41,111 CRITICAL client.py Потеряно соединение с сервером.
2023-03-27 17:33:41,111 DEBUG wrap.py Функция message_from_server вызвана из функции run
2023-03-27 17:35:28,004 INFO client.py Клиент запущен. Адрес сервера:127.0.0.1, порт:7777, пользователь alina
2023-03-27 17:35:28,004 INFO client.py Клиент запущен. Адрес: 127.0.0.1, порт: 7777
2023-03-27 17:35:28,005 DEBUG client.py Создано presence сообщение для Guest
2023-03-27 17:35:28,005 DEBUG wrap.py Функция create_presence вызвана из функции main
2023-03-27 17:35:28,512 DEBUG client.py Анализ сообщения от сервера: {'response': 400, 'error': 'Это имя уже занято'}
2023-03-27 17:35:28,512 DEBUG wrap.py Функция process_ans вызвана из функции main
2023-03-27 17:35:28,512 INFO client.py Ответ от сервера получен 400 : Это имя уже занято
2023-03-27 17:35:28,519 CRITICAL client.py Потеряно соединение с сервером.
2023-03-27 17:35:28,520 DEBUG client.py Процессы запущены
2023-03-27 17:35:28,520 DEBUG wrap.py Функция message_from_server вызвана из функции run
2023-03-27 17:35:43,486 INFO client.py Клиент запущен. Адрес сервера:127.0.0.1, порт:7777, пользователь jared
2023-03-27 17:35:43,486 INFO client.py Клиент запущен. Адрес: 127.0.0.1, порт: 7777
2023-03-27 17:35:43,486 DEBUG client.py Создано presence сообщение для Guest
2023-03-27 17:35:43,487 DEBUG wrap.py Функция create_presence вызвана из функции main
2023-03-27 17:35:43,996 DEBUG client.py Анализ сообщения от сервера: {'response': 400, 'error': 'Это имя уже занято'}
2023-03-27 17:35:43,997 DEBUG wrap.py Функция process_ans вызвана из функции main
2023-03-27 17:35:43,997 INFO client.py Ответ от сервера получен 400 : Это имя уже занято
2023-03-27 17:35:44,003 CRITICAL client.py Потеряно соединение с сервером.
2023-03-27 17:35:44,003 DEBUG client.py Процессы запущены
2023-03-27 17:35:44,003 DEBUG wrap.py Функция message_from_server вызвана из функции run
2023-03-27 17:36:06,655 DEBUG client.py Сформирован словарь сообщения: {'action': 'message', 'time': 1679927766.6552138, 'account_name': 'oleg', 'mess_text': 'fdkjdf', 'to': 'jared'}
2023-03-27 17:36:06,662 INFO client.py Отпрвлено сообщение для jared
2023-03-27 17:36:06,662 DEBUG wrap.py Функция create_message вызвана из функции user_interactive
2023-03-27 17:36:07,031 ERROR client.py Получено некорректное сообщение от сервера:{'response': 400, 'error': 'Запрос некорректен.'}
2023-03-27 17:49:23,038 INFO client.py Клиент запущен. Адрес сервера:127.0.0.1, порт:7777, пользователь Guest
2023-03-27 17:49:23,039 INFO client.py Клиент запущен. Адрес: 127.0.0.1, порт: 7777
2023-03-27 17:49:23,039 DEBUG client.py Создано presence сообщение для Guest
2023-03-27 17:49:23,039 DEBUG wrap.py Функция create_presence вызвана из функции main
2023-03-27 17:49:23,546 DEBUG client.py Анализ сообщения от сервера: {'response': 200}
2023-03-27 17:49:23,547 DEBUG wrap.py Функция process_ans вызвана из функции main
2023-03-27 17:49:23,547 INFO client.py Ответ от сервера получен 200 : OK
2023-03-27 17:49:23,550 DEBUG client.py Процессы запущены
2023-03-27 17:49:36,764 DEBUG client.py Сформирован словарь сообщения: {'action': 'message', 'time': 1679928576.7648308, 'account_name': 'Guest', 'mess_text': 'dfdf', 'to': 'Guest'}
2023-03-27 17:49:36,770 INFO client.py Отпрвлено сообщение для Guest
2023-03-27 17:49:36,770 DEBUG wrap.py Функция create_message вызвана из функции user_interactive
2023-03-27 17:49:37,071 ERROR client.py Получено некорректное сообщение от сервера:{'response': 400, 'error': 'Запрос некорректен.'}
2023-03-27 17:50:00,049 DEBUG client.py Сформирован словарь сообщения: {'action': 'message', 'time': 1679928600.0494547, 'account_name': 'Guest', 'mess_text': 'dfdf', 'to': 'olly'}
2023-03-27 17:50:00,051 INFO client.py Отпрвлено сообщение для olly
2023-03-27 17:50:00,051 DEBUG wrap.py Функция create_message вызвана из функции user_interactive
2023-03-27 17:50:00,113 ERROR client.py Получено некорректное сообщение от сервера:{'response': 400, 'error': 'Запрос некорректен.'}
2023-03-27 17:51:29,860 CRITICAL client.py Потеряно соединение с сервером.
2023-03-27 17:51:29,861 DEBUG wrap.py Функция message_from_server вызвана из функции run
2023-03-27 17:58:28,370 INFO client.py Клиент запущен. Адрес сервера:127.0.0.1, порт:7777, пользователь oleg
2023-03-27 17:58:28,371 INFO client.py Клиент запущен. Адрес: 127.0.0.1, порт: 7777
2023-03-27 17:58:28,371 DEBUG client.py Создано presence сообщение для Guest
2023-03-27 17:58:28,371 DEBUG wrap.py Функция create_presence вызвана из функции main
2023-03-27 17:58:28,880 DEBUG client.py Анализ сообщения от сервера: {'response': 200}
2023-03-27 17:58:28,880 DEBUG wrap.py Функция process_ans вызвана из функции main
2023-03-27 17:58:28,881 INFO client.py Ответ от сервера получен 200 : OK
2023-03-27 17:58:28,886 DEBUG client.py Процессы запущены
2023-03-27 17:58:48,998 INFO client.py Клиент запущен. Адрес сервера:127.0.0.1, порт:7777, пользователь alina
2023-03-27 17:58:48,999 INFO client.py Клиент запущен. Адрес: 127.0.0.1, порт: 7777
2023-03-27 17:58:48,999 DEBUG client.py Создано presence сообщение для Guest
2023-03-27 17:58:48,999 DEBUG wrap.py Функция create_presence вызвана из функции main
2023-03-27 17:58:49,507 DEBUG client.py Анализ сообщения от сервера: {'response': 400, 'error': 'Это имя уже занято'}
2023-03-27 17:58:49,507 DEBUG wrap.py Функция process_ans вызвана из функции main
2023-03-27 17:58:49,507 INFO client.py Ответ от сервера получен 400 : Это имя уже занято
2023-03-27 17:58:49,512 CRITICAL client.py Потеряно соединение с сервером.
2023-03-27 17:58:49,512 DEBUG wrap.py Функция message_from_server вызвана из функции run
2023-03-27 17:58:49,512 DEBUG client.py Процессы запущены
2023-03-27 18:02:33,649 INFO client.py Клиент запущен. Адрес сервера:127.0.0.1, порт:7777, пользователь alina
2023-03-27 18:02:33,649 INFO client.py Клиент запущен. Адрес: 127.0.0.1, порт: 7777
2023-03-27 18:02:33,650 DEBUG client.py Создано presence сообщение для Guest
2023-03-27 18:02:33,650 DEBUG wrap.py Функция create_presence вызвана из функции main
2023-03-27 18:02:34,159 DEBUG client.py Анализ сообщения от сервера: {'response': 400, 'error': 'Это имя уже занято'}
2023-03-27 18:02:34,159 DEBUG wrap.py Функция process_ans вызвана из функции main
2023-03-27 18:02:34,159 INFO client.py Ответ от сервера получен 400 : Это имя уже занято
2023-03-27 18:02:34,160 DEBUG client.py Процессы запущены
2023-03-27 18:02:34,164 CRITICAL client.py Потеряно соединение с сервером.
2023-03-27 18:02:34,165 DEBUG wrap.py Функция message_from_server вызвана из функции run
2023-03-27 18:05:38,412 INFO client.py Клиент запущен. Адрес сервера:127.0.0.1, порт:7777, пользователь oleg
2023-03-27 18:05:38,413 INFO client.py Клиент запущен. Адрес: 127.0.0.1, порт: 7777
2023-03-27 18:05:38,413 DEBUG client.py Создано presence сообщение для oleg
2023-03-27 18:05:38,413 DEBUG wrap.py Функция create_presence вызвана из функции main
2023-03-27 18:05:38,924 DEBUG client.py Анализ сообщения от сервера: {'response': 200}
2023-03-27 18:05:38,924 DEBUG wrap.py Функция process_ans вызвана из функции main
2023-03-27 18:05:38,924 INFO client.py Ответ от сервера получен 200 : OK
2023-03-27 18:05:38,930 DEBUG client.py Процессы запущены
2023-03-27 18:05:53,335 INFO client.py Клиент запущен. Адрес сервера:127.0.0.1, порт:7777, пользователь alina
2023-03-27 18:05:53,335 INFO client.py Клиент запущен. Адрес: 127.0.0.1, порт: 7777
2023-03-27 18:05:53,336 DEBUG client.py Создано presence сообщение для alina
2023-03-27 18:05:53,336 DEBUG wrap.py Функция create_presence вызвана из функции main
2023-03-27 18:05:53,847 DEBUG client.py Анализ сообщения от сервера: {'response': 200}
2023-03-27 18:05:53,847 DEBUG wrap.py Функция process_ans вызвана из функции main
2023-03-27 18:05:53,848 INFO client.py Ответ от сервера получен 200 : OK
2023-03-27 18:05:53,853 DEBUG client.py Процессы запущены
2023-03-27 18:06:20,075 DEBUG client.py Сформирован словарь сообщения: {'action': 'message', 'time': 1679929580.075289, 'account_name': 'oleg', 'mess_text': 'hello', 'to': 'alina'}
2023-03-27 18:06:20,080 INFO client.py Отпрвлено сообщение для alina
2023-03-27 18:06:20,080 DEBUG wrap.py Функция create_message вызвана из функции user_interactive
2023-03-27 18:06:20,387 ERROR client.py Получено некорректное сообщение от сервера:{'response': 400, 'error': 'Запрос некорректен.'}
2023-03-27 18:15:32,314 DEBUG wrap.py Функция create_exit_message вызвана из функции user_interactive
2023-03-27 18:15:32,319 INFO client.py Завершение работы по команде пользователя.
2023-03-27 18:15:32,581 CRITICAL client.py Потеряно соединение с сервером.
2023-03-27 18:15:32,581 DEBUG wrap.py Функция message_from_server вызвана из функции run
2023-03-27 18:15:32,820 DEBUG wrap.py Функция user_interactive вызвана из функции run
2023-03-27 18:15:43,212 DEBUG wrap.py Функция create_exit_message вызвана из функции user_interactive
2023-03-27 18:15:43,218 INFO client.py Завершение работы по команде пользователя.
2023-03-27 18:15:43,600 CRITICAL client.py Потеряно соединение с сервером.
2023-03-27 18:15:43,601 DEBUG wrap.py Функция message_from_server вызвана из функции run
2023-03-27 18:15:43,718 DEBUG wrap.py Функция user_interactive вызвана из функции run
2023-03-27 18:18:44,946 INFO client.py Клиент запущен. Адрес сервера:127.0.0.1, порт:7777, пользователь oleg
2023-03-27 18:18:44,947 INFO client.py Клиент запущен. Адрес: 127.0.0.1, порт: 7777
2023-03-27 18:18:44,947 DEBUG client.py Создано presence сообщение для oleg
2023-03-27 18:18:44,947 DEBUG wrap.py Функция create_presence вызвана из функции main
2023-03-27 18:18:45,456 DEBUG client.py Анализ сообщения от сервера: {'response': 200}
2023-03-27 18:18:45,456 DEBUG wrap.py Функция process_ans вызвана из функции main
2023-03-27 18:18:45,456 INFO client.py Ответ от сервера получен 200 : OK
2023-03-27 18:18:45,457 DEBUG client.py Процессы запущены
2023-03-27 18:19:47,623 INFO client.py Клиент запущен. Адрес сервера:127.0.0.1, порт:7777, пользователь alina
2023-03-27 18:19:47,623 INFO client.py Клиент запущен. Адрес: 127.0.0.1, порт: 7777
2023-03-27 18:19:47,624 DEBUG client.py Создано presence сообщение для alina
2023-03-27 18:19:47,624 DEBUG wrap.py Функция create_presence вызвана из функции main
2023-03-27 18:19:48,135 DEBUG client.py Анализ сообщения от сервера: {'response': 200}
2023-03-27 18:19:48,135 DEBUG wrap.py Функция process_ans вызвана из функции main
2023-03-27 18:19:48,135 INFO client.py Ответ от сервера получен 200 : OK
2023-03-27 18:19:48,142 DEBUG client.py Процессы запущены
2023-03-27 18:20:24,758 DEBUG client.py Сформирован словарь сообщения: {'action': 'message', 'time': 1679930424.7586343, 'account_name': 'oleg', 'mess_text': 'jhdfjhdf', 'to': 'alina'}
2023-03-27 18:20:24,764 INFO client.py Отпрвлено сообщение для alina
2023-03-27 18:20:24,764 DEBUG wrap.py Функция create_message вызвана из функции user_interactive
2023-03-27 18:20:25,189 ERROR client.py Получено некорректное сообщение от сервера:{'response': 400, 'error': 'Запрос некорректен.'}
2023-03-27 18:28:51,602 CRITICAL client.py Потеряно соединение с сервером.
2023-03-27 18:28:51,603 DEBUG wrap.py Функция message_from_server вызвана из функции run
2023-03-27 18:28:51,603 CRITICAL client.py Потеряно соединение с сервером.
2023-03-27 18:28:51,603 DEBUG wrap.py Функция message_from_server вызвана из функции run
2023-03-27 18:47:10,023 INFO client.py Клиент запущен. Адрес сервера:127.0.0.1, порт:7777, пользователь oleg
2023-03-27 18:47:10,024 INFO client.py Клиент запущен. Адрес: 127.0.0.1, порт: 7777
2023-03-27 18:47:10,024 DEBUG client.py Создано presence сообщение для oleg
2023-03-27 18:47:10,024 DEBUG wrap.py Функция create_presence вызвана из функции main
2023-03-27 18:47:10,532 DEBUG client.py Анализ сообщения от сервера: {'response': 200}
2023-03-27 18:47:10,532 DEBUG wrap.py Функция process_ans вызвана из функции main
2023-03-27 18:47:10,532 INFO client.py Ответ от сервера получен 200 : OK
2023-03-27 18:47:10,533 DEBUG client.py Процессы запущены
2023-03-27 18:47:18,438 INFO client.py Клиент запущен. Адрес сервера:127.0.0.1, порт:7777, пользователь alina
2023-03-27 18:47:18,438 INFO client.py Клиент запущен. Адрес: 127.0.0.1, порт: 7777
2023-03-27 18:47:18,444 DEBUG client.py Создано presence сообщение для alina
2023-03-27 18:47:18,444 DEBUG wrap.py Функция create_presence вызвана из функции main
2023-03-27 18:47:18,956 DEBUG client.py Анализ сообщения от сервера: {'response': 200}
2023-03-27 18:47:18,956 DEBUG wrap.py Функция process_ans вызвана из функции main
2023-03-27 18:47:18,956 INFO client.py Ответ от сервера получен 200 : OK
2023-03-27 18:47:18,957 DEBUG client.py Процессы запущены
2023-03-27 18:47:35,404 DEBUG client.py Сформирован словарь сообщения: {'action': 'message', 'time': 1679932055.404769, 'from': 'oleg', 'mess_text': 'ghfgfg', 'to': 'alina'}
2023-03-27 18:47:35,410 INFO client.py Отпрвлено сообщение для alina
2023-03-27 18:47:35,410 DEBUG wrap.py Функция create_message вызвана из функции user_interactive
2023-03-27 18:47:35,485 INFO client.py Получено сообщение от пользователя oleg:
ghfgfg
2023-03-27 19:14:13,098 DEBUG wrap.py Функция create_exit_message вызвана из функции user_interactive
2023-03-27 19:14:13,104 INFO client.py Завершение работы по команде пользователя.
2023-03-27 19:14:13,141 CRITICAL client.py Потеряно соединение с сервером.
2023-03-27 19:14:13,141 DEBUG wrap.py Функция message_from_server вызвана из функции run
2023-03-27 19:14:13,605 DEBUG wrap.py Функция user_interactive вызвана из функции run
2023-04-03 18:32:32,620 INFO client.py Клиент запущен. Адрес сервера:127.0.0.1, порт:7777, пользователь Olly
2023-04-03 18:32:32,621 INFO client.py Клиент запущен. Адрес: 127.0.0.1, порт: 7777
2023-04-03 18:32:32,621 DEBUG client.py Создано presence сообщение для Olly
2023-04-03 18:32:32,622 DEBUG wrap.py Функция create_presence вызвана из функции main
2023-04-03 18:33:54,902 INFO client.py Клиент запущен. Адрес сервера:127.0.0.1, порт:7777, пользователь Olly
2023-04-03 18:33:54,903 INFO client.py Клиент запущен. Адрес: 127.0.0.1, порт: 7777
2023-04-03 18:33:54,908 DEBUG client.py Создано presence сообщение для Olly
2023-04-03 18:33:54,908 DEBUG wrap.py Функция create_presence вызвана из функции main
2023-04-03 18:33:55,410 CRITICAL client.py Возникла ошибка: [Errno 104] Connection reset by peer
2023-04-03 18:34:27,653 CRITICAL client.py Возникла ошибка: [Errno 104] Connection reset by peer
2023-04-03 18:37:46,232 INFO client.py Клиент запущен. Адрес сервера:127.0.0.1, порт:7777, пользователь MXX
2023-04-03 18:37:46,232 INFO client.py Клиент запущен. Адрес: 127.0.0.1, порт: 7777
2023-04-03 18:38:20,083 INFO client.py Клиент запущен. Адрес сервера:127.0.0.1, порт:7777, пользователь MXX
2023-04-03 18:38:20,083 INFO client.py Клиент запущен. Адрес: 127.0.0.1, порт: 7777
2023-04-03 18:38:20,083 DEBUG client.py Создано presence сообщение для MXX
2023-04-03 18:38:20,084 DEBUG wrap.py Функция create_presence вызвана из функции main
2023-04-03 18:38:56,336 CRITICAL client.py Возникла ошибка: [Errno 104] Connection reset by peer
2023-04-03 18:48:08,491 INFO client.py Клиент запущен. Адрес сервера:127.0.0.1, порт:7777, пользователь Ol
2023-04-03 18:48:08,491 INFO client.py Клиент запущен. Адрес: 127.0.0.1, порт: 7777
2023-04-03 18:48:08,491 DEBUG client.py Создано presence сообщение для Ol
2023-04-03 18:48:08,492 DEBUG wrap.py Функция create_presence вызвана из функции main
2023-04-03 18:48:09,001 DEBUG client.py Анализ сообщения от сервера: {'response': 200}
2023-04-03 18:48:09,001 DEBUG wrap.py Функция process_ans вызвана из функции main
2023-04-03 18:48:09,001 INFO client.py Ответ от сервера получен 200 : OK
2023-04-03 18:51:03,460 INFO client.py Клиент запущен. Адрес сервера:127.0.0.1, порт:7777, пользователь Oll
2023-04-03 18:51:03,460 INFO client.py Клиент запущен. Адрес: 127.0.0.1, порт: 7777
2023-04-03 18:51:03,461 DEBUG client.py Создано presence сообщение для Oll
2023-04-03 18:51:03,461 DEBUG wrap.py Функция create_presence вызвана из функции main
2023-04-03 18:51:03,971 DEBUG client.py Анализ сообщения от сервера: {'response': 200}
2023-04-03 18:51:03,971 DEBUG wrap.py Функция process_ans вызвана из функции main
2023-04-03 18:51:03,971 INFO client.py Ответ от сервера получен 200 : OK
2023-04-03 18:51:03,972 DEBUG client.py Процессы запущены
2023-04-03 18:52:31,456 INFO client.py Клиент запущен. Адрес сервера:127.0.0.1, порт:7777, пользователь MXX
2023-04-03 18:52:31,457 INFO client.py Клиент запущен. Адрес: 127.0.0.1, порт: 7777
2023-04-03 18:52:31,457 DEBUG client.py Создано presence сообщение для MXX
2023-04-03 18:52:31,457 DEBUG wrap.py Функция create_presence вызвана из функции main
2023-04-03 18:52:31,968 DEBUG client.py Анализ сообщения от сервера: {'response': 200}
2023-04-03 18:52:31,968 DEBUG wrap.py Функция process_ans вызвана из функции main
2023-04-03 18:52:31,968 INFO client.py Ответ от сервера получен 200 : OK
2023-04-03 18:52:31,969 DEBUG client.py Процессы запущены
2023-04-03 18:53:02,831 INFO client.py Клиент запущен. Адрес сервера:127.0.0.1, порт:7777, пользователь mxx
2023-04-03 18:53:02,831 INFO client.py Клиент запущен. Адрес: 127.0.0.1, порт: 7777
2023-04-03 18:53:02,832 DEBUG client.py Создано presence сообщение для mxx
2023-04-03 18:53:02,832 DEBUG wrap.py Функция create_presence вызвана из функции main
2023-04-03 18:53:03,340 DEBUG client.py Анализ сообщения от сервера: {'response': 200}
2023-04-03 18:53:03,340 DEBUG wrap.py Функция process_ans вызвана из функции main
2023-04-03 18:53:03,340 INFO client.py Ответ от сервера получен 200 : OK
2023-04-03 18:53:03,342 DEBUG client.py Процессы запущены
2023-04-03 18:56:01,962 INFO client.py Клиент запущен. Адрес сервера:127.0.0.1, порт:7777, пользователь MXX
2023-04-03 18:56:01,962 INFO client.py Клиент запущен. Адрес: 127.0.0.1, порт: 7777
2023-04-03 18:56:01,963 DEBUG client.py Создано presence сообщение для MXX
2023-04-03 18:56:01,963 DEBUG wrap.py Функция create_presence вызвана из функции main
2023-04-03 18:56:02,471 DEBUG client.py Анализ сообщения от сервера: {'response': 200}
2023-04-03 18:56:02,471 DEBUG wrap.py Функция process_ans вызвана из функции main
2023-04-03 18:56:02,471 INFO client.py Ответ от сервера получен 200 : OK
2023-04-03 18:56:02,471 DEBUG client.py Процессы запущены
2023-04-03 19:00:57,065 INFO client.py Клиент запущен. Адрес сервера:127.0.0.1, порт:7777, пользователь MXXX
2023-04-03 19:00:57,065 INFO client.py Клиент запущен. Адрес: 127.0.0.1, порт: 7777
2023-04-03 19:00:57,066 DEBUG client.py Создано presence сообщение для MXXX
2023-04-03 19:00:57,066 DEBUG wrap.py Функция create_presence вызвана из функции main
2023-04-03 19:00:57,577 DEBUG client.py Анализ сообщения от сервера: {'response': 200}
2023-04-03 19:00:57,577 DEBUG wrap.py Функция process_ans вызвана из функции main
2023-04-03 19:00:57,577 INFO client.py Ответ от сервера получен 200 : OK
2023-04-03 19:00:57,578 DEBUG client.py Процессы запущены
2023-04-03 19:01:25,186 INFO client.py Клиент запущен. Адрес сервера:127.0.0.1, порт:7777, пользователь Olly
2023-04-03 19:01:25,186 INFO client.py Клиент запущен. Адрес: 127.0.0.1, порт: 7777
2023-04-03 19:01:25,187 DEBUG client.py Создано presence сообщение для Olly
2023-04-03 19:01:25,187 DEBUG wrap.py Функция create_presence вызвана из функции main
2023-04-03 19:01:25,697 DEBUG client.py Анализ сообщения от сервера: {'response': 200}
2023-04-03 19:01:25,698 DEBUG wrap.py Функция process_ans вызвана из функции main
2023-04-03 19:01:25,698 INFO client.py Ответ от сервера получен 200 : OK
2023-04-03 19:01:25,704 DEBUG client.py Процессы запущены
2023-04-03 19:01:35,956 DEBUG client.py Сформирован словарь сообщения: {'action': 'message', 'time': 1680537695.9560754, 'from': 'Olly', 'mess_text': 'jhsdfjhsdf', 'to': 'MXXX'}
2023-04-03 19:01:35,961 INFO client.py Отпрвлено сообщение для MXXX
2023-04-03 19:01:35,962 DEBUG wrap.py Функция create_message вызвана из функции run
2023-04-03 19:01:36,220 INFO client.py Получено сообщение от пользователя Olly:
jhsdfjhsdf
2023-04-03 19:02:26,516 DEBUG wrap.py Функция create_exit_message вызвана из функции run
2023-04-03 19:02:26,522 INFO client.py Завершение работы по команде пользователя.
2023-04-03 19:02:26,790 CRITICAL client.py Потеряно соединение с сервером.
2023-04-03 19:02:26,790 DEBUG wrap.py Функция run вызвана из функции _bootstrap_inner
2023-04-03 19:02:27,023 DEBUG wrap.py Функция run вызвана из функции _bootstrap_inner
2023-04-03 19:02:39,361 CRITICAL client.py Потеряно соединение с сервером.
2023-04-03 19:02:39,361 DEBUG wrap.py Функция run вызвана из функции _bootstrap_inner
2023-04-06 18:23:50,079 INFO client.py Клиент запущен. Адрес сервера:127.0.0.1, порт:7777, пользователь Jordan
2023-04-06 18:23:50,080 INFO client.py Клиент запущен. Адрес: 127.0.0.1, порт: 7777
2023-04-06 18:23:50,085 DEBUG client.py Создано presence сообщение для Jordan
2023-04-06 18:23:50,086 DEBUG wrap.py Функция create_presence вызвана из функции main
2023-04-06 18:23:50,595 DEBUG client.py Анализ сообщения от сервера: {'response': 200}
2023-04-06 18:23:50,595 DEBUG wrap.py Функция process_ans вызвана из функции main
2023-04-06 18:23:50,595 INFO client.py Ответ от сервера получен 200 : OK
2023-04-06 18:23:50,603 DEBUG client.py Процессы запущены
2023-04-06 18:24:15,031 INFO client.py Клиент запущен. Адрес сервера:127.0.0.1, порт:7777, пользователь Daniel
2023-04-06 18:24:15,032 INFO client.py Клиент запущен. Адрес: 127.0.0.1, порт: 7777
2023-04-06 18:24:15,032 DEBUG client.py Создано presence сообщение для Daniel
2023-04-06 18:24:15,032 DEBUG wrap.py Функция create_presence вызвана из функции main
2023-04-06 18:24:15,540 DEBUG client.py Анализ сообщения от сервера: {'response': 200}
2023-04-06 18:24:15,541 DEBUG wrap.py Функция process_ans вызвана из функции main
2023-04-06 18:24:15,541 INFO client.py Ответ от сервера получен 200 : OK
2023-04-06 18:24:15,541 DEBUG client.py Процессы запущены
2023-04-06 18:24:29,052 DEBUG client.py Сформирован словарь сообщения: {'action': 'message', 'time': 1680794669.052466, 'from': 'Daniel', 'mess_text': 'hi!', 'to': 'Jordan'}
2023-04-06 18:24:29,058 INFO client.py Отпрвлено сообщение для Jordan
2023-04-06 18:24:29,058 DEBUG wrap.py Функция create_message вызвана из функции run
2023-04-06 18:25:45,336 DEBUG client.py Сформирован словарь сообщения: {'action': 'message', 'time': 1680794745.336071, 'from': 'Jordan', 'mess_text': 'kjdfkjdfdf', 'to': 'Daniel'}
2023-04-06 18:25:45,346 INFO client.py Отпрвлено сообщение для Daniel
2023-04-06 18:25:45,346 DEBUG wrap.py Функция create_message вызвана из функции run
2023-04-06 18:28:07,143 DEBUG client.py Сформирован словарь сообщения: {'action': 'message', 'time': 1680794887.1432898, 'from': 'Daniel', 'mess_text': 'lksdfdlksdflksdf', 'to': 'Jordan'}
2023-04-06 18:28:07,149 INFO client.py Отпрвлено сообщение для Jordan
2023-04-06 18:28:07,149 DEBUG wrap.py Функция create_message вызвана из функции run
2023-04-06 18:30:20,772 INFO client.py Клиент запущен. Адрес сервера:127.0.0.1, порт:7777, пользователь ОфкJared
2023-04-06 18:30:20,773 INFO client.py Клиент запущен. Адрес: 127.0.0.1, порт: 7777
2023-04-06 18:30:20,773 DEBUG client.py Создано presence сообщение для ОфкJared
2023-04-06 18:30:20,773 DEBUG wrap.py Функция create_presence вызвана из функции main
2023-04-06 18:30:21,283 DEBUG client.py Анализ сообщения от сервера: {'response': 200}
2023-04-06 18:30:21,283 DEBUG wrap.py Функция process_ans вызвана из функции main
2023-04-06 18:30:21,283 INFO client.py Ответ от сервера получен 200 : OK
2023-04-06 18:30:21,289 DEBUG client.py Процессы запущены
2023-04-06 18:31:23,664 CRITICAL client.py Потеряно соединение с сервером.
2023-04-06 18:31:23,664 CRITICAL client.py Потеряно соединение с сервером.
2023-04-06 18:31:23,664 DEBUG wrap.py Функция run вызвана из функции _bootstrap_inner
2023-04-06 18:31:23,664 DEBUG wrap.py Функция run вызвана из функции _bootstrap_inner
2023-04-06 18:31:23,664 CRITICAL client.py Потеряно соединение с сервером.
2023-04-06 18:31:23,665 DEBUG wrap.py Функция run вызвана из функции _bootstrap_inner
2023-04-06 18:49:00,599 INFO client.py Клиент запущен. Адрес сервера:127.0.0.1, порт:7777, пользователь Jordan
2023-04-06 18:49:00,599 INFO client.py Клиент запущен. Адрес: 127.0.0.1, порт: 7777
2023-04-06 18:49:00,600 DEBUG client.py Создано presence сообщение для Jordan
2023-04-06 18:49:00,600 DEBUG wrap.py Функция create_presence вызвана из функции main
2023-04-06 18:49:01,110 DEBUG client.py Анализ сообщения от сервера: {'response': 200}
2023-04-06 18:49:01,110 DEBUG wrap.py Функция process_ans вызвана из функции main
2023-04-06 18:49:01,110 INFO client.py Ответ от сервера получен 200 : OK
2023-04-06 18:49:01,116 DEBUG client.py Процессы запущены
2023-04-06 18:49:12,053 INFO client.py Клиент запущен. Адрес сервера:127.0.0.1, порт:7777, пользователь Daniel
2023-04-06 18:49:12,054 INFO client.py Клиент запущен. Адрес: 127.0.0.1, порт: 7777
2023-04-06 18:49:12,054 DEBUG client.py Создано presence сообщение для Daniel
2023-04-06 18:49:12,054 DEBUG wrap.py Функция create_presence вызвана из функции main
2023-04-06 18:49:12,565 DEBUG client.py Анализ сообщения от сервера: {'response': 200}
2023-04-06 18:49:12,565 DEBUG wrap.py Функция process_ans вызвана из функции main
2023-04-06 18:49:12,565 INFO client.py Ответ от сервера получен 200 : OK
2023-04-06 18:49:12,566 DEBUG client.py Процессы запущены
2023-04-06 18:49:24,935 DEBUG client.py Сформирован словарь сообщения: {'action': 'message', 'time': 1680796164.935742, 'from': 'Daniel', 'mess_text': 'sdsdsd', 'to': 'Jordan'}
2023-04-06 18:49:24,941 INFO client.py Отпрвлено сообщение для Jordan
2023-04-06 18:49:24,941 DEBUG wrap.py Функция create_message вызвана из функции run
2023-04-06 18:49:25,106 INFO client.py Получено сообщение от пользователя Daniel:
sdsdsd
2023-04-07 21:04:59,286 CRITICAL client.py Потеряно соединение с сервером.
2023-04-07 21:04:59,286 CRITICAL client.py Потеряно соединение с сервером.
2023-04-07 21:04:59,286 DEBUG wrap.py Функция run вызвана из функции _bootstrap_inner
2023-04-07 21:04:59,286 DEBUG wrap.py Функция run вызвана из функции _bootstrap_inner
2023-04-10 16:46:29,497 INFO client.py Клиент запущен. Адрес сервера:127.0.0.1, порт:7777, пользователь James
2023-04-10 16:46:29,498 INFO client.py Клиент запущен. Адрес: 127.0.0.1, порт: 7777
2023-04-10 16:46:29,498 DEBUG client.py Создано presence сообщение для James
2023-04-10 16:46:29,498 DEBUG wrap.py Функция create_presence вызвана из функции main
2023-04-10 16:46:30,010 DEBUG client.py Анализ сообщения от сервера: {'response': 200}
2023-04-10 16:46:30,010 DEBUG wrap.py Функция process_ans вызвана из функции main
2023-04-10 16:46:30,010 INFO client.py Ответ от сервера получен 200 : OK
2023-04-10 16:46:30,017 DEBUG client.py Процессы запущены
2023-04-10 16:46:43,594 INFO client.py Клиент запущен. Адрес сервера:127.0.0.1, порт:7777, пользователь Jane
2023-04-10 16:46:43,595 INFO client.py Клиент запущен. Адрес: 127.0.0.1, порт: 7777
2023-04-10 16:46:43,595 DEBUG client.py Создано presence сообщение для Jane
2023-04-10 16:46:43,595 DEBUG wrap.py Функция create_presence вызвана из функции main
2023-04-10 16:46:44,105 DEBUG client.py Анализ сообщения от сервера: {'response': 200}
2023-04-10 16:46:44,106 DEBUG wrap.py Функция process_ans вызвана из функции main
2023-04-10 16:46:44,106 INFO client.py Ответ от сервера получен 200 : OK
2023-04-10 16:46:44,107 DEBUG client.py Процессы запущены
2023-04-10 16:47:06,660 CRITICAL client.py Потеряно соединение с сервером.
2023-04-10 16:47:06,660 DEBUG wrap.py Функция run вызвана из функции _bootstrap_inner
2023-04-10 16:47:06,660 CRITICAL client.py Потеряно соединение с сервером.
2023-04-10 16:47:06,660 DEBUG wrap.py Функция run вызвана из функции _bootstrap_inner
2023-04-10 17:09:29,619 INFO client.py Клиент запущен. Адрес сервера:127.0.0.1, порт:7777, пользователь James
2023-04-10 17:09:29,620 INFO client.py Клиент запущен. Адрес: 127.0.0.1, порт: 7777
2023-04-10 17:09:29,620 DEBUG client.py Создано presence сообщение для James
2023-04-10 17:09:29,621 DEBUG wrap.py Функция create_presence вызвана из функции main
2023-04-10 17:09:30,130 DEBUG client.py Анализ сообщения от сервера: {'response': 200}
2023-04-10 17:09:30,130 DEBUG wrap.py Функция process_ans вызвана из функции main
2023-04-10 17:09:30,130 INFO client.py Ответ от сервера получен 200 : OK
2023-04-10 17:09:30,131 DEBUG client.py Процессы запущены
2023-04-10 17:09:38,992 INFO client.py Клиент запущен. Адрес сервера:127.0.0.1, порт:7777, пользователь Jane
2023-04-10 17:09:38,992 INFO client.py Клиент запущен. Адрес: 127.0.0.1, порт: 7777
2023-04-10 17:09:38,993 DEBUG client.py Создано presence сообщение для Jane
2023-04-10 17:09:38,993 DEBUG wrap.py Функция create_presence вызвана из функции main
2023-04-10 17:09:39,505 DEBUG client.py Анализ сообщения от сервера: {'response': 200}
2023-04-10 17:09:39,505 DEBUG wrap.py Функция process_ans вызвана из функции main
2023-04-10 17:09:39,505 INFO client.py Ответ от сервера получен 200 : OK
2023-04-10 17:09:39,506 DEBUG client.py Процессы запущены
2023-04-10 17:09:57,689 DEBUG client.py Сформирован запрос на добавление контакта: {'action': 'get_contacts', 'time': 1681135797.6893876, 'user': 'Jane', 'user_login': 'James'}
2023-04-10 17:09:57,696 INFO client.py Отпрвлено сообщение на сервер с запросом на добавление  James
2023-04-10 17:11:48,591 CRITICAL client.py Потеряно соединение с сервером.
2023-04-10 17:11:48,591 CRITICAL client.py Потеряно соединение с сервером.
2023-04-10 17:11:48,591 DEBUG wrap.py Функция run вызвана из функции _bootstrap_inner
2023-04-10 17:11:48,591 DEBUG wrap.py Функция run вызвана из функции _bootstrap_inner
2023-04-10 17:14:09,129 INFO client.py Клиент запущен. Адрес сервера:127.0.0.1, порт:7777, пользователь James
2023-04-10 17:14:09,129 INFO client.py Клиент запущен. Адрес: 127.0.0.1, порт: 7777
2023-04-10 17:14:09,130 DEBUG client.py Создано presence сообщение для James
2023-04-10 17:14:09,130 DEBUG wrap.py Функция create_presence вызвана из функции main
2023-04-10 17:14:09,644 DEBUG client.py Анализ сообщения от сервера: {'response': 200}
2023-04-10 17:14:09,644 DEBUG wrap.py Функция process_ans вызвана из функции main
2023-04-10 17:14:09,644 INFO client.py Ответ от сервера получен 200 : OK
2023-04-10 17:14:09,649 DEBUG client.py Процессы запущены
2023-04-10 17:14:16,721 INFO client.py Клиент запущен. Адрес сервера:127.0.0.1, порт:7777, пользователь Jane
2023-04-10 17:14:16,721 INFO client.py Клиент запущен. Адрес: 127.0.0.1, порт: 7777
2023-04-10 17:14:16,721 DEBUG client.py Создано presence сообщение для Jane
2023-04-10 17:14:16,722 DEBUG wrap.py Функция create_presence вызвана из функции main
2023-04-10 17:14:17,231 DEBUG client.py Анализ сообщения от сервера: {'response': 200}
2023-04-10 17:14:17,232 DEBUG wrap.py Функция process_ans вызвана из функции main
2023-04-10 17:14:17,232 INFO client.py Ответ от сервера получен 200 : OK
2023-04-10 17:14:17,233 DEBUG client.py Процессы запущены
2023-04-10 17:14:31,079 DEBUG client.py Сформирован словарь сообщения: {'action': 'message', 'time': 1681136071.0789998, 'from': 'Jane', 'mess_text': 'hola!', 'to': 'James'}
2023-04-10 17:14:31,085 INFO client.py Отпрвлено сообщение для James
2023-04-10 17:14:31,085 DEBUG wrap.py Функция create_message вызвана из функции run
2023-04-10 17:18:38,119 DEBUG wrap.py Функция create_exit_message вызвана из функции run
2023-04-10 17:18:38,126 INFO client.py Завершение работы по команде пользователя.
2023-04-10 17:18:38,627 DEBUG wrap.py Функция run вызвана из функции _bootstrap_inner
2023-04-10 17:18:48,685 INFO client.py Клиент запущен. Адрес сервера:127.0.0.1, порт:7777, пользователь Nero
2023-04-10 17:18:48,685 INFO client.py Клиент запущен. Адрес: 127.0.0.1, порт: 7777
2023-04-10 17:18:48,686 DEBUG client.py Создано presence сообщение для Nero
2023-04-10 17:18:48,686 DEBUG wrap.py Функция create_presence вызвана из функции main
2023-04-10 17:18:49,195 DEBUG client.py Анализ сообщения от сервера: {'response': 200}
2023-04-10 17:18:49,195 DEBUG wrap.py Функция process_ans вызвана из функции main
2023-04-10 17:18:49,195 INFO client.py Ответ от сервера получен 200 : OK
2023-04-10 17:18:49,196 DEBUG client.py Процессы запущены
2023-04-10 17:27:37,184 CRITICAL client.py Потеряно соединение с сервером.
2023-04-10 17:27:37,184 CRITICAL client.py Потеряно соединение с сервером.
2023-04-10 17:27:37,185 DEBUG wrap.py Функция run вызвана из функции _bootstrap_inner
2023-04-10 17:27:37,185 DEBUG wrap.py Функция run вызвана из функции _bootstrap_inner
2023-04-10 17:28:03,389 INFO client.py Клиент запущен. Адрес сервера:127.0.0.1, порт:7777, пользователь George
2023-04-10 17:28:03,390 INFO client.py Клиент запущен. Адрес: 127.0.0.1, порт: 7777
2023-04-10 17:28:13,836 INFO client.py Клиент запущен. Адрес сервера:127.0.0.1, порт:7777, пользователь George
2023-04-10 17:28:13,837 INFO client.py Клиент запущен. Адрес: 127.0.0.1, порт: 7777
2023-04-10 17:28:59,231 INFO client.py Клиент запущен. Адрес сервера:127.0.0.1, порт:7777, пользователь George
2023-04-10 17:28:59,231 INFO client.py Клиент запущен. Адрес: 127.0.0.1, порт: 7777
2023-04-10 17:28:59,237 DEBUG client.py Создано presence сообщение для George
2023-04-10 17:28:59,237 DEBUG wrap.py Функция create_presence вызвана из функции main
2023-04-10 17:28:59,746 DEBUG client.py Анализ сообщения от сервера: {'response': 200}
2023-04-10 17:28:59,747 DEBUG wrap.py Функция process_ans вызвана из функции main
2023-04-10 17:28:59,747 INFO client.py Ответ от сервера получен 200 : OK
2023-04-10 17:28:59,748 DEBUG client.py Процессы запущены
2023-04-10 17:29:47,867 INFO client.py Клиент запущен. Адрес сервера:127.0.0.1, порт:7777, пользователь Mike
2023-04-10 17:29:47,867 INFO client.py Клиент запущен. Адрес: 127.0.0.1, порт: 7777
2023-04-10 17:29:47,868 DEBUG client.py Создано presence сообщение для Mike
2023-04-10 17:29:47,868 DEBUG wrap.py Функция create_presence вызвана из функции main
2023-04-10 17:29:48,378 DEBUG client.py Анализ сообщения от сервера: {'response': 200}
2023-04-10 17:29:48,378 DEBUG wrap.py Функция process_ans вызвана из функции main
2023-04-10 17:29:48,379 INFO client.py Ответ от сервера получен 200 : OK
2023-04-10 17:29:48,384 DEBUG client.py Процессы запущены
2023-04-10 17:30:16,889 DEBUG client.py Сформирован словарь сообщения: {'action': 'message', 'time': 1681137016.889758, 'from': 'Mike', 'mess_text': 'Fuck this chat!', 'to': 'George'}
2023-04-10 17:30:16,896 INFO client.py Отпрвлено сообщение для George
2023-04-10 17:30:16,896 DEBUG wrap.py Функция create_message вызвана из функции run
2023-04-10 17:30:16,944 INFO client.py Получено сообщение от пользователя Mike:
Fuck this chat!
2023-04-10 17:31:13,236 DEBUG client.py Сформирован запрос на добавление контакта: {'action': 'get_contacts', 'time': 1681137073.2368543, 'user': 'Mike', 'user_login': 'George'}
2023-04-10 17:31:13,242 INFO client.py Отпрвлено сообщение на сервер с запросом на добавление  George
2023-04-10 17:31:13,532 ERROR client.py Получено некорректное сообщение от сервера:{'response': 202, 'alert': None}
2023-04-10 17:41:40,931 INFO client.py Клиент запущен. Адрес сервера:127.0.0.1, порт:7777, пользователь Max
2023-04-10 17:41:40,932 INFO client.py Клиент запущен. Адрес: 127.0.0.1, порт: 7777
2023-04-10 17:41:40,932 DEBUG client.py Создано presence сообщение для Max
2023-04-10 17:41:40,932 DEBUG wrap.py Функция create_presence вызвана из функции main
2023-04-10 17:41:41,445 DEBUG client.py Анализ сообщения от сервера: {'response': 200}
2023-04-10 17:41:41,445 DEBUG wrap.py Функция process_ans вызвана из функции main
2023-04-10 17:41:41,445 INFO client.py Ответ от сервера получен 200 : OK
2023-04-10 17:41:41,451 DEBUG client.py Процессы запущены
2023-04-10 17:41:51,084 INFO client.py Клиент запущен. Адрес сервера:127.0.0.1, порт:7777, пользователь Min
2023-04-10 17:41:51,084 INFO client.py Клиент запущен. Адрес: 127.0.0.1, порт: 7777
2023-04-10 17:41:51,085 DEBUG client.py Создано presence сообщение для Min
2023-04-10 17:41:51,085 DEBUG wrap.py Функция create_presence вызвана из функции main
2023-04-10 17:41:51,593 DEBUG client.py Анализ сообщения от сервера: {'response': 200}
2023-04-10 17:41:51,593 DEBUG wrap.py Функция process_ans вызвана из функции main
2023-04-10 17:41:51,594 INFO client.py Ответ от сервера получен 200 : OK
2023-04-10 17:41:51,600 DEBUG client.py Процессы запущены
2023-04-10 17:42:03,013 DEBUG client.py Сформирован словарь сообщения: {'action': 'message', 'time': 1681137723.013209, 'from': 'Min', 'mess_text': 'jhsdf', 'to': 'Max'}
2023-04-10 17:42:03,019 INFO client.py Отпрвлено сообщение для Max
2023-04-10 17:42:03,019 DEBUG wrap.py Функция create_message вызвана из функции run
2023-04-10 17:42:03,132 INFO client.py Получено сообщение от пользователя Min:
jhsdf
2023-04-10 17:42:17,018 DEBUG client.py Сформирован запрос на добавление контакта: {'action': None, 'time': 1681137737.0183737, 'user': 'Min', 'user_login': 'Max'}
2023-04-10 17:42:17,024 INFO client.py Отпрвлено сообщение на сервер с запросом на добавление  Max
2023-04-10 17:42:17,162 ERROR client.py Получено некорректное сообщение от сервера:{'response': 400, 'error': 'Запрос некорректен.'}
2023-04-10 17:43:20,511 INFO client.py Клиент запущен. Адрес сервера:127.0.0.1, порт:7777, пользователь Max
2023-04-10 17:43:20,511 INFO client.py Клиент запущен. Адрес: 127.0.0.1, порт: 7777
2023-04-10 17:43:20,512 DEBUG client.py Создано presence сообщение для Max
2023-04-10 17:43:20,512 DEBUG wrap.py Функция create_presence вызвана из функции main
2023-04-10 17:43:21,027 DEBUG client.py Анализ сообщения от сервера: {'response': 400, 'error': 'Это имя уже занято'}
2023-04-10 17:43:21,027 DEBUG wrap.py Функция process_ans вызвана из функции main
2023-04-10 17:43:21,027 INFO client.py Ответ от сервера получен 400 : Это имя уже занято
2023-04-10 17:43:21,028 DEBUG client.py Процессы запущены
2023-04-10 17:43:21,033 CRITICAL client.py Потеряно соединение с сервером.
2023-04-10 17:43:21,033 DEBUG wrap.py Функция run вызвана из функции _bootstrap_inner
2023-04-10 17:43:30,722 INFO client.py Клиент запущен. Адрес сервера:127.0.0.1, порт:7777, пользователь Max
2023-04-10 17:43:30,722 INFO client.py Клиент запущен. Адрес: 127.0.0.1, порт: 7777
2023-04-10 17:43:30,723 DEBUG client.py Создано presence сообщение для Max
2023-04-10 17:43:30,723 DEBUG wrap.py Функция create_presence вызвана из функции main
2023-04-10 17:43:31,233 DEBUG client.py Анализ сообщения от сервера: {'response': 400, 'error': 'Это имя уже занято'}
2023-04-10 17:43:31,233 DEBUG wrap.py Функция process_ans вызвана из функции main
2023-04-10 17:43:31,234 INFO client.py Ответ от сервера получен 400 : Это имя уже занято
2023-04-10 17:43:31,240 DEBUG client.py Процессы запущены
2023-04-10 17:43:31,240 CRITICAL client.py Потеряно соединение с сервером.
2023-04-10 17:43:31,241 DEBUG wrap.py Функция run вызвана из функции _bootstrap_inner
2023-04-10 17:43:37,415 INFO client.py Клиент запущен. Адрес сервера:127.0.0.1, порт:7777, пользователь Nana
2023-04-10 17:43:37,416 INFO client.py Клиент запущен. Адрес: 127.0.0.1, порт: 7777
2023-04-10 17:43:37,416 DEBUG client.py Создано presence сообщение для Nana
2023-04-10 17:43:37,416 DEBUG wrap.py Функция create_presence вызвана из функции main
2023-04-10 17:43:37,930 DEBUG client.py Анализ сообщения от сервера: {'response': 200}
2023-04-10 17:43:37,930 DEBUG wrap.py Функция process_ans вызвана из функции main
2023-04-10 17:43:37,930 INFO client.py Ответ от сервера получен 200 : OK
2023-04-10 17:43:37,931 DEBUG client.py Процессы запущены
2023-04-10 17:43:48,760 INFO client.py Клиент запущен. Адрес сервера:127.0.0.1, порт:7777, пользователь Mimi
2023-04-10 17:43:48,760 INFO client.py Клиент запущен. Адрес: 127.0.0.1, порт: 7777
2023-04-10 17:43:48,761 DEBUG client.py Создано presence сообщение для Mimi
2023-04-10 17:43:48,761 DEBUG wrap.py Функция create_presence вызвана из функции main
2023-04-10 17:43:49,269 DEBUG client.py Анализ сообщения от сервера: {'response': 200}
2023-04-10 17:43:49,269 DEBUG wrap.py Функция process_ans вызвана из функции main
2023-04-10 17:43:49,269 INFO client.py Ответ от сервера получен 200 : OK
2023-04-10 17:43:49,270 DEBUG client.py Процессы запущены
2023-04-10 17:44:04,657 DEBUG client.py Сформирован запрос на добавление контакта: {'action': 'add_contact', 'time': 1681137844.6572855, 'user': 'Mimi', 'user_login': 'Nana'}
2023-04-10 17:44:04,663 INFO client.py Отпрвлено сообщение на сервер с запросом на добавление  Nana
2023-04-10 17:44:04,811 ERROR client.py Получено некорректное сообщение от сервера:{'response': 400, 'error': 'Запрос некорректен.'}
2023-04-10 17:45:29,100 CRITICAL client.py Потеряно соединение с сервером.
2023-04-10 17:45:29,100 CRITICAL client.py Потеряно соединение с сервером.
2023-04-10 17:45:29,101 DEBUG wrap.py Функция run вызвана из функции _bootstrap_inner
2023-04-10 17:45:29,101 DEBUG wrap.py Функция run вызвана из функции _bootstrap_inner
2023-04-10 17:48:44,997 INFO client.py Клиент запущен. Адрес сервера:127.0.0.1, порт:7777, пользователь Hola
2023-04-10 17:48:44,998 INFO client.py Клиент запущен. Адрес: 127.0.0.1, порт: 7777
2023-04-10 17:48:44,998 DEBUG client.py Создано presence сообщение для Hola
2023-04-10 17:48:44,998 DEBUG wrap.py Функция create_presence вызвана из функции main
2023-04-10 17:48:45,512 DEBUG client.py Анализ сообщения от сервера: {'response': 200}
2023-04-10 17:48:45,512 DEBUG wrap.py Функция process_ans вызвана из функции main
2023-04-10 17:48:45,512 INFO client.py Ответ от сервера получен 200 : OK
2023-04-10 17:48:45,513 DEBUG client.py Процессы запущены
2023-04-10 17:48:56,540 INFO client.py Клиент запущен. Адрес сервера:127.0.0.1, порт:7777, пользователь Olla
2023-04-10 17:48:56,541 INFO client.py Клиент запущен. Адрес: 127.0.0.1, порт: 7777
2023-04-10 17:48:56,541 DEBUG client.py Создано presence сообщение для Olla
2023-04-10 17:48:56,541 DEBUG wrap.py Функция create_presence вызвана из функции main
2023-04-10 17:48:57,052 DEBUG client.py Анализ сообщения от сервера: {'response': 200}
2023-04-10 17:48:57,052 DEBUG wrap.py Функция process_ans вызвана из функции main
2023-04-10 17:48:57,052 INFO client.py Ответ от сервера получен 200 : OK
2023-04-10 17:48:57,053 DEBUG client.py Процессы запущены
2023-04-10 17:49:08,429 DEBUG client.py Сформирован запрос на добавление контакта: {'action': 'add_contact', 'time': 1681138148.4295754, 'user': 'Olla', 'user_login': 'Hola'}
2023-04-10 17:49:08,436 INFO client.py Отпрвлено сообщение на сервер с запросом на добавление  Hola
2023-04-10 17:49:08,587 ERROR client.py Получено некорректное сообщение от сервера:{'response': 400, 'error': 'Запрос некорректен.'}
2023-04-10 17:52:22,948 CRITICAL client.py Потеряно соединение с сервером.
2023-04-10 17:52:22,948 CRITICAL client.py Потеряно соединение с сервером.
2023-04-10 17:52:22,949 DEBUG wrap.py Функция run вызвана из функции _bootstrap_inner
2023-04-10 17:52:22,949 DEBUG wrap.py Функция run вызвана из функции _bootstrap_inner
2023-04-10 17:53:56,659 INFO client.py Клиент запущен. Адрес сервера:127.0.0.1, порт:7777, пользователь HHH
2023-04-10 17:53:56,660 INFO client.py Клиент запущен. Адрес: 127.0.0.1, порт: 7777
2023-04-10 17:53:56,660 DEBUG client.py Создано presence сообщение для HHH
2023-04-10 17:53:56,660 DEBUG wrap.py Функция create_presence вызвана из функции main
2023-04-10 17:53:57,175 DEBUG client.py Анализ сообщения от сервера: {'response': 200}
2023-04-10 17:53:57,176 DEBUG wrap.py Функция process_ans вызвана из функции main
2023-04-10 17:53:57,176 INFO client.py Ответ от сервера получен 200 : OK
2023-04-10 17:53:57,177 DEBUG client.py Процессы запущены
2023-04-10 17:54:05,566 INFO client.py Клиент запущен. Адрес сервера:127.0.0.1, порт:7777, пользователь KKK
2023-04-10 17:54:05,566 INFO client.py Клиент запущен. Адрес: 127.0.0.1, порт: 7777
2023-04-10 17:54:05,567 DEBUG client.py Создано presence сообщение для KKK
2023-04-10 17:54:05,567 DEBUG wrap.py Функция create_presence вызвана из функции main
2023-04-10 17:54:06,078 DEBUG client.py Анализ сообщения от сервера: {'response': 200}
2023-04-10 17:54:06,078 DEBUG wrap.py Функция process_ans вызвана из функции main
2023-04-10 17:54:06,079 INFO client.py Ответ от сервера получен 200 : OK
2023-04-10 17:54:06,080 DEBUG client.py Процессы запущены
2023-04-10 17:54:22,209 DEBUG client.py Сформирован запрос на добавление контакта: {'action': 'add_contact', 'time': 1681138462.2089264, 'user': 'KKK', 'user_login': 'HHH'}
2023-04-10 17:54:22,217 INFO client.py Отпрвлено сообщение на сервер с запросом на добавление  HHH
2023-04-10 17:54:22,625 ERROR client.py Получено некорректное сообщение от сервера:{'response': 400, 'error': 'Запрос некорректен.'}
2023-04-10 17:56:38,146 CRITICAL client.py Потеряно соединение с сервером.
2023-04-10 17:56:38,146 CRITICAL client.py Потеряно соединение с сервером.
2023-04-10 17:56:38,146 DEBUG wrap.py Функция run вызвана из функции _bootstrap_inner
2023-04-10 17:56:38,146 DEBUG wrap.py Функция run вызвана из функции _bootstrap_inner
2023-04-10 17:59:29,180 INFO client.py Клиент запущен. Адрес сервера:127.0.0.1, порт:7777, пользователь Max
2023-04-10 17:59:29,180 INFO client.py Клиент запущен. Адрес: 127.0.0.1, порт: 7777
2023-04-10 17:59:29,181 DEBUG client.py Создано presence сообщение для Max
2023-04-10 17:59:29,181 DEBUG wrap.py Функция create_presence вызвана из функции main
2023-04-10 17:59:29,690 DEBUG client.py Анализ сообщения от сервера: {'response': 200}
2023-04-10 17:59:29,690 DEBUG wrap.py Функция process_ans вызвана из функции main
2023-04-10 17:59:29,690 INFO client.py Ответ от сервера получен 200 : OK
2023-04-10 17:59:29,691 DEBUG client.py Процессы запущены
2023-04-10 17:59:37,625 INFO client.py Клиент запущен. Адрес сервера:127.0.0.1, порт:7777, пользователь Min
2023-04-10 17:59:37,625 INFO client.py Клиент запущен. Адрес: 127.0.0.1, порт: 7777
2023-04-10 17:59:37,625 DEBUG client.py Создано presence сообщение для Min
2023-04-10 17:59:37,626 DEBUG wrap.py Функция create_presence вызвана из функции main
2023-04-10 17:59:38,135 DEBUG client.py Анализ сообщения от сервера: {'response': 200}
2023-04-10 17:59:38,135 DEBUG wrap.py Функция process_ans вызвана из функции main
2023-04-10 17:59:38,135 INFO client.py Ответ от сервера получен 200 : OK
2023-04-10 17:59:38,141 DEBUG client.py Процессы запущены
2023-04-10 17:59:49,074 DEBUG client.py Сформирован запрос на добавление контакта: {'action': 'add_contact', 'user': 'Min', 'user_login': 'Max'}
2023-04-10 17:59:49,080 INFO client.py Отпрвлено сообщение на сервер с запросом на добавление  Max
2023-04-11 17:29:47,932 INFO client.py Клиент запущен. Адрес сервера:127.0.0.1, порт:7777, пользователь Olly
2023-04-11 17:29:47,933 INFO client.py Клиент запущен. Адрес: 127.0.0.1, порт: 7777
2023-04-11 17:29:47,933 DEBUG client.py Создано presence сообщение для Olly
2023-04-11 17:29:47,933 DEBUG wrap.py Функция create_presence вызвана из функции main
2023-04-11 17:29:48,444 DEBUG client.py Анализ сообщения от сервера: {'response': 200}
2023-04-11 17:29:48,444 DEBUG wrap.py Функция process_ans вызвана из функции main
2023-04-11 17:29:48,444 INFO client.py Ответ от сервера получен 200 : OK
2023-04-11 17:29:48,450 DEBUG client.py Процессы запущены
2023-04-11 17:31:49,463 DEBUG wrap.py Функция create_exit_message вызвана из функции run
2023-04-11 17:31:49,469 INFO client.py Завершение работы по команде пользователя.
2023-04-11 17:31:49,613 CRITICAL client.py Потеряно соединение с сервером.
2023-04-11 17:31:49,614 DEBUG wrap.py Функция run вызвана из функции _bootstrap_inner
2023-04-11 17:31:49,970 DEBUG wrap.py Функция run вызвана из функции _bootstrap_inner
2023-04-11 17:31:56,301 INFO client.py Клиент запущен. Адрес сервера:127.0.0.1, порт:7777, пользователь Olly
2023-04-11 17:31:56,301 INFO client.py Клиент запущен. Адрес: 127.0.0.1, порт: 7777
2023-04-11 17:31:56,302 DEBUG client.py Создано presence сообщение для Olly
2023-04-11 17:31:56,302 DEBUG wrap.py Функция create_presence вызвана из функции main
2023-04-11 17:31:56,811 DEBUG client.py Анализ сообщения от сервера: {'response': 200}
2023-04-11 17:31:56,811 DEBUG wrap.py Функция process_ans вызвана из функции main
2023-04-11 17:31:56,811 INFO client.py Ответ от сервера получен 200 : OK
2023-04-11 17:31:56,815 DEBUG client.py Процессы запущены
2023-04-11 17:33:13,411 DEBUG wrap.py Функция create_exit_message вызвана из функции run
2023-04-11 17:33:13,417 INFO client.py Завершение работы по команде пользователя.
2023-04-11 17:33:13,918 DEBUG wrap.py Функция run вызвана из функции _bootstrap_inner
2023-04-11 17:33:18,778 INFO client.py Клиент запущен. Адрес сервера:127.0.0.1, порт:7777, пользователь Olly
2023-04-11 17:33:18,779 INFO client.py Клиент запущен. Адрес: 127.0.0.1, порт: 7777
2023-04-11 17:33:18,779 DEBUG client.py Создано presence сообщение для Olly
2023-04-11 17:33:18,779 DEBUG wrap.py Функция create_presence вызвана из функции main
2023-04-11 17:33:19,292 DEBUG client.py Анализ сообщения от сервера: {'response': 400, 'error': 'Это имя уже занято'}
2023-04-11 17:33:19,292 DEBUG wrap.py Функция process_ans вызвана из функции main
2023-04-11 17:33:19,292 INFO client.py Ответ от сервера получен 400 : Это имя уже занято
2023-04-11 17:33:19,293 DEBUG client.py Процессы запущены
2023-04-11 17:33:19,299 CRITICAL client.py Потеряно соединение с сервером.
2023-04-11 17:33:19,299 DEBUG wrap.py Функция run вызвана из функции _bootstrap_inner
2023-04-11 17:34:04,049 INFO client.py Клиент запущен. Адрес сервера:127.0.0.1, порт:7777, пользователь Jared
2023-04-11 17:34:04,049 INFO client.py Клиент запущен. Адрес: 127.0.0.1, порт: 7777
2023-04-11 17:34:04,050 DEBUG client.py Создано presence сообщение для Jared
2023-04-11 17:34:04,050 DEBUG wrap.py Функция create_presence вызвана из функции main
2023-04-11 17:34:04,566 DEBUG client.py Анализ сообщения от сервера: {'response': 200}
2023-04-11 17:34:04,566 DEBUG wrap.py Функция process_ans вызвана из функции main
2023-04-11 17:34:04,566 INFO client.py Ответ от сервера получен 200 : OK
2023-04-11 17:34:04,567 DEBUG client.py Процессы запущены
2023-04-11 17:34:32,328 DEBUG wrap.py Функция create_exit_message вызвана из функции run
2023-04-11 17:34:32,335 INFO client.py Завершение работы по команде пользователя.
2023-04-11 17:34:32,835 DEBUG wrap.py Функция run вызвана из функции _bootstrap_inner
2023-04-11 17:38:58,962 INFO client.py Клиент запущен. Адрес сервера:127.0.0.1, порт:7777, пользователь Pups
2023-04-11 17:38:58,962 INFO client.py Клиент запущен. Адрес: 127.0.0.1, порт: 7777
2023-04-11 17:38:58,963 DEBUG client.py Создано presence сообщение для Pups
2023-04-11 17:38:58,963 DEBUG wrap.py Функция create_presence вызвана из функции main
2023-04-11 17:38:59,471 DEBUG client.py Анализ сообщения от сервера: {'response': 200}
2023-04-11 17:38:59,471 DEBUG wrap.py Функция process_ans вызвана из функции main
2023-04-11 17:38:59,471 INFO client.py Ответ от сервера получен 200 : OK
2023-04-11 17:38:59,472 DEBUG client.py Процессы запущены
2023-04-11 17:40:04,096 CRITICAL client.py Потеряно соединение с сервером.
2023-04-11 17:40:04,096 DEBUG wrap.py Функция run вызвана из функции _bootstrap_inner
2023-04-11 17:43:55,001 INFO client.py Клиент запущен. Адрес сервера:127.0.0.1, порт:7777, пользователь iiiigorrrr
2023-04-11 17:43:55,001 INFO client.py Клиент запущен. Адрес: 127.0.0.1, порт: 7777
2023-04-11 17:43:55,002 DEBUG client.py Создано presence сообщение для iiiigorrrr
2023-04-11 17:43:55,002 DEBUG wrap.py Функция create_presence вызвана из функции main
2023-04-11 17:43:55,511 DEBUG client.py Анализ сообщения от сервера: {'response': 200}
2023-04-11 17:43:55,511 DEBUG wrap.py Функция process_ans вызвана из функции main
2023-04-11 17:43:55,511 INFO client.py Ответ от сервера получен 200 : OK
2023-04-11 17:43:55,516 DEBUG client.py Процессы запущены
2023-04-11 17:45:44,903 DEBUG wrap.py Функция create_exit_message вызвана из функции run
2023-04-11 17:45:44,909 INFO client.py Завершение работы по команде пользователя.
2023-04-11 17:45:45,175 CRITICAL client.py Потеряно соединение с сервером.
2023-04-11 17:45:45,175 DEBUG wrap.py Функция run вызвана из функции _bootstrap_inner
2023-04-11 17:45:45,409 DEBUG wrap.py Функция run вызвана из функции _bootstrap_inner
2023-04-11 18:11:04,981 INFO client.py Клиент запущен. Адрес сервера:127.0.0.1, порт:7777, пользователь Jade
2023-04-11 18:11:04,981 INFO client.py Клиент запущен. Адрес: 127.0.0.1, порт: 7777
2023-04-11 18:11:04,981 DEBUG client.py Создано presence сообщение для Jade
2023-04-11 18:11:04,982 DEBUG wrap.py Функция create_presence вызвана из функции main
2023-04-11 18:11:05,496 DEBUG client.py Анализ сообщения от сервера: {'response': 200}
2023-04-11 18:11:05,496 DEBUG wrap.py Функция process_ans вызвана из функции main
2023-04-11 18:11:05,496 INFO client.py Ответ от сервера получен 200 : OK
2023-04-11 18:11:05,497 DEBUG client.py Процессы запущены
2023-04-11 18:11:37,585 INFO client.py Клиент запущен. Адрес сервера:127.0.0.1, порт:7777, пользователь Milena
2023-04-11 18:11:37,585 INFO client.py Клиент запущен. Адрес: 127.0.0.1, порт: 7777
2023-04-11 18:11:37,586 DEBUG client.py Создано presence сообщение для Milena
2023-04-11 18:11:37,586 DEBUG wrap.py Функция create_presence вызвана из функции main
2023-04-11 18:11:38,094 DEBUG client.py Анализ сообщения от сервера: {'response': 200}
2023-04-11 18:11:38,095 DEBUG wrap.py Функция process_ans вызвана из функции main
2023-04-11 18:11:38,095 INFO client.py Ответ от сервера получен 200 : OK
2023-04-11 18:11:38,101 DEBUG client.py Процессы запущены
2023-04-11 18:11:51,824 DEBUG client.py Сформирован запрос на добавление контакта: {'action': 'add_contact', 'user': 'Milena', 'user_login': 'Jade'}
2023-04-11 18:11:51,830 INFO client.py Отпрвлено сообщение на сервер с запросом на добавление  Jade
2023-04-11 18:11:52,140 ERROR client.py Получено некорректное сообщение от сервера:{'response': 400, 'error': 'Запрос некорректен.'}
2023-04-11 18:13:18,445 DEBUG client.py Сформирован запрос на список контактов: {'action': 'get_contacts', 'time': 1681225998.4455352, 'user': 'Jade'}
2023-04-11 18:13:18,455 INFO client.py Отпрвлено сообщение на сервер с запросом контактов для Jade
2023-04-11 18:13:18,757 ERROR client.py Получено некорректное сообщение от сервера:{'response': 202, 'alert': []}
2023-04-11 18:13:38,036 DEBUG client.py Сформирован словарь сообщения: {'action': 'message', 'time': 1681226018.0362062, 'from': 'Jade', 'mess_text': 'Hi', 'to': 'Milena'}
2023-04-11 18:13:38,042 INFO client.py Отпрвлено сообщение для Milena
2023-04-11 18:13:38,042 DEBUG wrap.py Функция create_message вызвана из функции run
2023-04-11 18:13:38,296 INFO client.py Получено сообщение от пользователя Jade:
Hi
2023-04-13 11:39:07,596 INFO client.py Клиент запущен. Адрес сервера:127.0.0.1, порт:7777, пользователь Kaka
2023-04-13 11:39:07,597 INFO client.py Клиент запущен. Адрес: 127.0.0.1, порт: 7777
2023-04-13 11:39:07,597 DEBUG client.py Создано presence сообщение для Kaka
2023-04-13 11:39:07,597 DEBUG wrap.py Функция create_presence вызвана из функции main
2023-04-13 11:39:08,106 DEBUG client.py Анализ сообщения от сервера: {'response': 200}
2023-04-13 11:39:08,106 DEBUG wrap.py Функция process_ans вызвана из функции main
2023-04-13 11:39:08,106 INFO client.py Ответ от сервера получен 200 : OK
2023-04-13 11:39:08,110 DEBUG client.py Процессы запущены
2023-04-13 11:39:28,535 INFO client.py Клиент запущен. Адрес сервера:127.0.0.1, порт:7777, пользователь Byaka
2023-04-13 11:39:28,536 INFO client.py Клиент запущен. Адрес: 127.0.0.1, порт: 7777
2023-04-13 11:39:28,536 DEBUG client.py Создано presence сообщение для Byaka
2023-04-13 11:39:28,536 DEBUG wrap.py Функция create_presence вызвана из функции main
2023-04-13 11:39:29,048 DEBUG client.py Анализ сообщения от сервера: {'response': 200}
2023-04-13 11:39:29,049 DEBUG wrap.py Функция process_ans вызвана из функции main
2023-04-13 11:39:29,049 INFO client.py Ответ от сервера получен 200 : OK
2023-04-13 11:39:29,055 DEBUG client.py Процессы запущены
2023-04-13 11:39:45,107 DEBUG client.py Сформирован словарь сообщения: {'action': 'message', 'time': 1681375185.107406, 'from': 'Byaka', 'mess_text': 'pooooook!', 'to': 'Kaka'}
2023-04-13 11:39:45,114 INFO client.py Отпрвлено сообщение для Kaka
2023-04-13 11:39:45,114 DEBUG wrap.py Функция create_message вызвана из функции run
2023-04-13 11:39:45,586 INFO client.py Получено сообщение от пользователя from:
pooooook!
2023-04-13 11:40:49,569 CRITICAL client.py Потеряно соединение с сервером.
2023-04-13 11:40:49,569 CRITICAL client.py Потеряно соединение с сервером.
2023-04-13 11:40:49,569 DEBUG wrap.py Функция run вызвана из функции _bootstrap_inner
2023-04-13 11:40:49,569 DEBUG wrap.py Функция run вызвана из функции _bootstrap_inner
2023-04-13 11:49:01,018 INFO client.py Клиент запущен. Адрес сервера:127.0.0.1, порт:7777, пользователь HiMan
2023-04-13 11:49:01,018 INFO client.py Клиент запущен. Адрес: 127.0.0.1, порт: 7777
2023-04-13 11:49:01,019 DEBUG client.py Создано presence сообщение для HiMan
2023-04-13 11:49:01,019 DEBUG wrap.py Функция create_presence вызвана из функции main
2023-04-13 11:49:01,531 DEBUG client.py Анализ сообщения от сервера: {'response': 200}
2023-04-13 11:49:01,531 DEBUG wrap.py Функция process_ans вызвана из функции main
2023-04-13 11:49:01,531 INFO client.py Ответ от сервера получен 200 : OK
2023-04-13 11:49:01,532 DEBUG client.py Процессы запущены
2023-04-13 11:49:14,092 INFO client.py Клиент запущен. Адрес сервера:127.0.0.1, порт:7777, пользователь OkMan
2023-04-13 11:49:14,092 INFO client.py Клиент запущен. Адрес: 127.0.0.1, порт: 7777
2023-04-13 11:49:14,093 DEBUG client.py Создано presence сообщение для OkMan
2023-04-13 11:49:14,093 DEBUG wrap.py Функция create_presence вызвана из функции main
2023-04-13 11:49:14,605 DEBUG client.py Анализ сообщения от сервера: {'response': 200}
2023-04-13 11:49:14,605 DEBUG wrap.py Функция process_ans вызвана из функции main
2023-04-13 11:49:14,605 INFO client.py Ответ от сервера получен 200 : OK
2023-04-13 11:49:14,607 DEBUG client.py Процессы запущены
2023-04-13 11:49:28,750 DEBUG client.py Сформирован словарь сообщения: {'action': 'message', 'time': 1681375768.7504313, 'from': 'OkMan', 'mess_text': 'Fooooo!', 'to': 'HiMan'}
2023-04-13 11:49:28,756 INFO client.py Отпрвлено сообщение для HiMan
2023-04-13 11:49:28,756 DEBUG wrap.py Функция create_message вызвана из функции run
2023-04-13 11:49:29,151 INFO client.py Получено сообщение от пользователя OkMan:
Fooooo!
2023-04-13 11:49:46,378 CRITICAL client.py Потеряно соединение с сервером.
2023-04-13 11:49:46,378 DEBUG wrap.py Функция run вызвана из функции _bootstrap_inner
2023-04-13 13:32:12,285 INFO client.py Клиент запущен. Адрес сервера:127.0.0.1, порт:7777, пользователь OkMan
2023-04-13 13:32:12,286 INFO client.py Клиент запущен. Адрес: 127.0.0.1, порт: 7777
2023-04-13 13:32:12,286 DEBUG client.py Создано presence сообщение для OkMan
2023-04-13 13:32:12,286 DEBUG wrap.py Функция create_presence вызвана из функции main
2023-04-13 13:32:12,796 DEBUG client.py Анализ сообщения от сервера: {'response': 200}
2023-04-13 13:32:12,797 DEBUG wrap.py Функция process_ans вызвана из функции main
2023-04-13 13:32:12,797 INFO client.py Ответ от сервера получен 200 : OK
2023-04-13 13:32:12,797 DEBUG client.py Процессы запущены
2023-04-13 13:32:36,935 CRITICAL client.py Потеряно соединение с сервером.
2023-04-13 13:32:36,935 DEBUG wrap.py Функция run вызвана из функции _bootstrap_inner
